<?xml version="1.0" encoding="UTF-8"?>
<TestRun id="e5a3376a-b76d-49dd-be1f-de9745007a8f" name="stin7054@VIDR95PV8H 2014-09-12 18:08:14" runUser="DJES\stin7054" xmlns="http://microsoft.com/schemas/VisualStudio/TeamTest/2010">
  <TestSettings name="Local" id="04115614-1aaf-4ba0-addb-7711795f6c7f">
    <Description>These are default test settings for a local test run.</Description>
    <Deployment enabled="false" runDeploymentRoot="stin7054_VIDR95PV8H 2014-09-12 18_08_14">
      <DeploymentItem filename="C:\Users\stin7054\Documents\GitHub\BDSA2014\BDSA2013\Assignment37-ReversePolishCalculator\bin\Debug\Assignment37-ReversePolishCalculator.exe" />
    </Deployment>
    <Execution>
      <TestTypeSpecific />
      <AgentRule name="Execution Agents">
      </AgentRule>
    </Execution>
  </TestSettings>
  <Times creation="2014-09-12T18:08:14.9814065+02:00" queuing="2014-09-12T18:08:17.7685659+02:00" start="2014-09-12T18:08:18.1005849+02:00" finish="2014-09-12T18:09:15.1718492+02:00" />
  <ResultSummary outcome="Error">
    <Counters total="10" executed="6" passed="5" error="0" failed="0" timeout="0" aborted="1" inconclusive="0" passedButRunAborted="0" notRunnable="0" notExecuted="4" disconnected="0" warning="0" completed="0" inProgress="0" pending="0" />
    <RunInfos>
      <RunInfo computerName="VIDR95PV8H" outcome="Error" timestamp="2014-09-12T18:09:15.1678490+02:00">
        <Text>Test host process exited unexpectedly.</Text>
      </RunInfo>
    </RunInfos>
  </ResultSummary>
  <TestDefinitions>
    <UnitTest name="InfixTestAllOperaters" storage="c:\users\stin7054\documents\github\bdsa2014\bdsa2013\assignment37_reversepolishcalculator.test\bin\debug\assignment37_reversepolishcalculator.test.dll" id="78557564-b2d4-7df1-b9dc-8bc3581670d0">
      <Execution id="ee47b459-32b7-40f0-8e5d-ee571ea5d7ab" />
      <TestMethod codeBase="C:/Users/stin7054/Documents/GitHub/BDSA2014/BDSA2013/Assignment37_ReversePolishCalculator.test/bin/Debug/Assignment37_ReversePolishCalculator.test.DLL" adapterTypeName="Microsoft.VisualStudio.TestTools.TestTypes.Unit.UnitTestAdapter, Microsoft.VisualStudio.QualityTools.Tips.UnitTest.Adapter, Version=10.0.0.0, Culture=neutral, PublicKeyToken=b03f5f7f11d50a3a" className="Assignment37_ReversePolishCalculator.test.UnitTest1, Assignment37_ReversePolishCalculator.test, Version=1.0.0.0, Culture=neutral, PublicKeyToken=null" name="InfixTestAllOperaters" />
    </UnitTest>
    <UnitTest name="InfixTestShouldGive14" storage="c:\users\stin7054\documents\github\bdsa2014\bdsa2013\assignment37_reversepolishcalculator.test\bin\debug\assignment37_reversepolishcalculator.test.dll" id="0587474e-8cdf-b35c-53d2-1cc0a5efa030">
      <Execution id="3610f148-f9f4-494c-9c9f-4c68f066c0c6" />
      <TestMethod codeBase="C:/Users/stin7054/Documents/GitHub/BDSA2014/BDSA2013/Assignment37_ReversePolishCalculator.test/bin/Debug/Assignment37_ReversePolishCalculator.test.DLL" adapterTypeName="Microsoft.VisualStudio.TestTools.TestTypes.Unit.UnitTestAdapter, Microsoft.VisualStudio.QualityTools.Tips.UnitTest.Adapter, Version=10.0.0.0, Culture=neutral, PublicKeyToken=b03f5f7f11d50a3a" className="Assignment37_ReversePolishCalculator.test.UnitTest1, Assignment37_ReversePolishCalculator.test, Version=1.0.0.0, Culture=neutral, PublicKeyToken=null" name="InfixTestShouldGive14" />
    </UnitTest>
    <UnitTest name="TestNothingAndNull" storage="c:\users\stin7054\documents\github\bdsa2014\bdsa2013\assignment37_reversepolishcalculator.test\bin\debug\assignment37_reversepolishcalculator.test.dll" id="55736ecb-5ac6-d2a8-1b5a-2537e7f6e195">
      <Execution id="8f70884f-6ad6-4476-9a15-1d722d6e18fc" />
      <TestMethod codeBase="C:/Users/stin7054/Documents/GitHub/BDSA2014/BDSA2013/Assignment37_ReversePolishCalculator.test/bin/Debug/Assignment37_ReversePolishCalculator.test.DLL" adapterTypeName="Microsoft.VisualStudio.TestTools.TestTypes.Unit.UnitTestAdapter, Microsoft.VisualStudio.QualityTools.Tips.UnitTest.Adapter, Version=10.0.0.0, Culture=neutral, PublicKeyToken=b03f5f7f11d50a3a" className="Assignment37_ReversePolishCalculator.test.UnitTest1, Assignment37_ReversePolishCalculator.test, Version=1.0.0.0, Culture=neutral, PublicKeyToken=null" name="TestNothingAndNull" />
    </UnitTest>
    <UnitTest name="TestComplexExpressions" storage="c:\users\stin7054\documents\github\bdsa2014\bdsa2013\assignment37_reversepolishcalculator.test\bin\debug\assignment37_reversepolishcalculator.test.dll" id="0b65d7d9-3b47-9fa5-37c5-3b2d7af6ed77">
      <Execution id="5e7627b6-e2cb-432a-973d-e10e5263feed" />
      <TestMethod codeBase="C:/Users/stin7054/Documents/GitHub/BDSA2014/BDSA2013/Assignment37_ReversePolishCalculator.test/bin/Debug/Assignment37_ReversePolishCalculator.test.DLL" adapterTypeName="Microsoft.VisualStudio.TestTools.TestTypes.Unit.UnitTestAdapter, Microsoft.VisualStudio.QualityTools.Tips.UnitTest.Adapter, Version=10.0.0.0, Culture=neutral, PublicKeyToken=b03f5f7f11d50a3a" className="Assignment37_ReversePolishCalculator.test.UnitTest1, Assignment37_ReversePolishCalculator.test, Version=1.0.0.0, Culture=neutral, PublicKeyToken=null" name="TestComplexExpressions" />
    </UnitTest>
    <UnitTest name="InfixTestNothingAndNull" storage="c:\users\stin7054\documents\github\bdsa2014\bdsa2013\assignment37_reversepolishcalculator.test\bin\debug\assignment37_reversepolishcalculator.test.dll" id="a9ae6639-1269-fa2a-4800-482cd47f32e8">
      <Execution id="40a5f6fb-066a-4d8b-a581-30ab7f979947" />
      <TestMethod codeBase="C:/Users/stin7054/Documents/GitHub/BDSA2014/BDSA2013/Assignment37_ReversePolishCalculator.test/bin/Debug/Assignment37_ReversePolishCalculator.test.DLL" adapterTypeName="Microsoft.VisualStudio.TestTools.TestTypes.Unit.UnitTestAdapter, Microsoft.VisualStudio.QualityTools.Tips.UnitTest.Adapter, Version=10.0.0.0, Culture=neutral, PublicKeyToken=b03f5f7f11d50a3a" className="Assignment37_ReversePolishCalculator.test.UnitTest1, Assignment37_ReversePolishCalculator.test, Version=1.0.0.0, Culture=neutral, PublicKeyToken=null" name="InfixTestNothingAndNull" />
    </UnitTest>
    <UnitTest name="TestAllOperaters" storage="c:\users\stin7054\documents\github\bdsa2014\bdsa2013\assignment37_reversepolishcalculator.test\bin\debug\assignment37_reversepolishcalculator.test.dll" id="ebaa08fa-ca64-2f9d-000b-284739e5faa4">
      <Execution id="0dbc32c1-3843-4482-b310-664398f343a6" />
      <TestMethod codeBase="C:/Users/stin7054/Documents/GitHub/BDSA2014/BDSA2013/Assignment37_ReversePolishCalculator.test/bin/Debug/Assignment37_ReversePolishCalculator.test.DLL" adapterTypeName="Microsoft.VisualStudio.TestTools.TestTypes.Unit.UnitTestAdapter, Microsoft.VisualStudio.QualityTools.Tips.UnitTest.Adapter, Version=10.0.0.0, Culture=neutral, PublicKeyToken=b03f5f7f11d50a3a" className="Assignment37_ReversePolishCalculator.test.UnitTest1, Assignment37_ReversePolishCalculator.test, Version=1.0.0.0, Culture=neutral, PublicKeyToken=null" name="TestAllOperaters" />
    </UnitTest>
    <UnitTest name="InfixTestComplexExpressions" storage="c:\users\stin7054\documents\github\bdsa2014\bdsa2013\assignment37_reversepolishcalculator.test\bin\debug\assignment37_reversepolishcalculator.test.dll" id="d5853c0e-26ef-d402-fcdb-d8466c042508">
      <Execution id="026433b7-4650-409f-a81e-a5cd003e07e3" />
      <TestMethod codeBase="C:/Users/stin7054/Documents/GitHub/BDSA2014/BDSA2013/Assignment37_ReversePolishCalculator.test/bin/Debug/Assignment37_ReversePolishCalculator.test.DLL" adapterTypeName="Microsoft.VisualStudio.TestTools.TestTypes.Unit.UnitTestAdapter, Microsoft.VisualStudio.QualityTools.Tips.UnitTest.Adapter, Version=10.0.0.0, Culture=neutral, PublicKeyToken=b03f5f7f11d50a3a" className="Assignment37_ReversePolishCalculator.test.UnitTest1, Assignment37_ReversePolishCalculator.test, Version=1.0.0.0, Culture=neutral, PublicKeyToken=null" name="InfixTestComplexExpressions" />
    </UnitTest>
    <UnitTest name="InfixTestXBeforePlus" storage="c:\users\stin7054\documents\github\bdsa2014\bdsa2013\assignment37_reversepolishcalculator.test\bin\debug\assignment37_reversepolishcalculator.test.dll" id="69bdaff6-7781-442a-ef92-b47b7a38f542">
      <Execution id="9fd4fab1-3766-4d05-a02f-5eebbff574c6" />
      <TestMethod codeBase="C:/Users/stin7054/Documents/GitHub/BDSA2014/BDSA2013/Assignment37_ReversePolishCalculator.test/bin/Debug/Assignment37_ReversePolishCalculator.test.DLL" adapterTypeName="Microsoft.VisualStudio.TestTools.TestTypes.Unit.UnitTestAdapter, Microsoft.VisualStudio.QualityTools.Tips.UnitTest.Adapter, Version=10.0.0.0, Culture=neutral, PublicKeyToken=b03f5f7f11d50a3a" className="Assignment37_ReversePolishCalculator.test.UnitTest1, Assignment37_ReversePolishCalculator.test, Version=1.0.0.0, Culture=neutral, PublicKeyToken=null" name="InfixTestXBeforePlus" />
    </UnitTest>
    <UnitTest name="TestShouldGive14" storage="c:\users\stin7054\documents\github\bdsa2014\bdsa2013\assignment37_reversepolishcalculator.test\bin\debug\assignment37_reversepolishcalculator.test.dll" id="10fcdf76-4bc9-d882-e99a-48bc993676a8">
      <Execution id="ee53106b-b75b-4ea2-be54-cc124ba59fb0" />
      <TestMethod codeBase="C:/Users/stin7054/Documents/GitHub/BDSA2014/BDSA2013/Assignment37_ReversePolishCalculator.test/bin/Debug/Assignment37_ReversePolishCalculator.test.DLL" adapterTypeName="Microsoft.VisualStudio.TestTools.TestTypes.Unit.UnitTestAdapter, Microsoft.VisualStudio.QualityTools.Tips.UnitTest.Adapter, Version=10.0.0.0, Culture=neutral, PublicKeyToken=b03f5f7f11d50a3a" className="Assignment37_ReversePolishCalculator.test.UnitTest1, Assignment37_ReversePolishCalculator.test, Version=1.0.0.0, Culture=neutral, PublicKeyToken=null" name="TestShouldGive14" />
    </UnitTest>
    <UnitTest name="InfixTestPowBeforeX" storage="c:\users\stin7054\documents\github\bdsa2014\bdsa2013\assignment37_reversepolishcalculator.test\bin\debug\assignment37_reversepolishcalculator.test.dll" id="ff94907c-80ed-3370-59f4-0a57a50f3061">
      <Execution id="503fedff-a452-4c80-92c1-5a5340ca544f" />
      <TestMethod codeBase="C:/Users/stin7054/Documents/GitHub/BDSA2014/BDSA2013/Assignment37_ReversePolishCalculator.test/bin/Debug/Assignment37_ReversePolishCalculator.test.DLL" adapterTypeName="Microsoft.VisualStudio.TestTools.TestTypes.Unit.UnitTestAdapter, Microsoft.VisualStudio.QualityTools.Tips.UnitTest.Adapter, Version=10.0.0.0, Culture=neutral, PublicKeyToken=b03f5f7f11d50a3a" className="Assignment37_ReversePolishCalculator.test.UnitTest1, Assignment37_ReversePolishCalculator.test, Version=1.0.0.0, Culture=neutral, PublicKeyToken=null" name="InfixTestPowBeforeX" />
    </UnitTest>
  </TestDefinitions>
  <TestLists>
    <TestList name="Results Not in a List" id="8c84fa94-04c1-424b-9868-57a2d4851a1d" />
    <TestList name="All Loaded Results" id="19431567-8539-422a-85d7-44ee4e166bda" />
  </TestLists>
  <TestEntries>
    <TestEntry testId="55736ecb-5ac6-d2a8-1b5a-2537e7f6e195" executionId="8f70884f-6ad6-4476-9a15-1d722d6e18fc" testListId="8c84fa94-04c1-424b-9868-57a2d4851a1d" />
    <TestEntry testId="ebaa08fa-ca64-2f9d-000b-284739e5faa4" executionId="0dbc32c1-3843-4482-b310-664398f343a6" testListId="8c84fa94-04c1-424b-9868-57a2d4851a1d" />
    <TestEntry testId="0b65d7d9-3b47-9fa5-37c5-3b2d7af6ed77" executionId="5e7627b6-e2cb-432a-973d-e10e5263feed" testListId="8c84fa94-04c1-424b-9868-57a2d4851a1d" />
    <TestEntry testId="10fcdf76-4bc9-d882-e99a-48bc993676a8" executionId="ee53106b-b75b-4ea2-be54-cc124ba59fb0" testListId="8c84fa94-04c1-424b-9868-57a2d4851a1d" />
    <TestEntry testId="a9ae6639-1269-fa2a-4800-482cd47f32e8" executionId="40a5f6fb-066a-4d8b-a581-30ab7f979947" testListId="8c84fa94-04c1-424b-9868-57a2d4851a1d" />
    <TestEntry testId="78557564-b2d4-7df1-b9dc-8bc3581670d0" executionId="ee47b459-32b7-40f0-8e5d-ee571ea5d7ab" testListId="8c84fa94-04c1-424b-9868-57a2d4851a1d" />
    <TestEntry testId="d5853c0e-26ef-d402-fcdb-d8466c042508" executionId="026433b7-4650-409f-a81e-a5cd003e07e3" testListId="8c84fa94-04c1-424b-9868-57a2d4851a1d" />
    <TestEntry testId="0587474e-8cdf-b35c-53d2-1cc0a5efa030" executionId="3610f148-f9f4-494c-9c9f-4c68f066c0c6" testListId="8c84fa94-04c1-424b-9868-57a2d4851a1d" />
    <TestEntry testId="69bdaff6-7781-442a-ef92-b47b7a38f542" executionId="9fd4fab1-3766-4d05-a02f-5eebbff574c6" testListId="8c84fa94-04c1-424b-9868-57a2d4851a1d" />
    <TestEntry testId="ff94907c-80ed-3370-59f4-0a57a50f3061" executionId="503fedff-a452-4c80-92c1-5a5340ca544f" testListId="8c84fa94-04c1-424b-9868-57a2d4851a1d" />
  </TestEntries>
  <Results>
    <UnitTestResult executionId="8f70884f-6ad6-4476-9a15-1d722d6e18fc" testId="55736ecb-5ac6-d2a8-1b5a-2537e7f6e195" testName="TestNothingAndNull" computerName="VIDR95PV8H" duration="00:00:00.0671462" startTime="2014-09-12T18:08:18.4036022+02:00" endTime="2014-09-12T18:08:22.1488165+02:00" testType="13cdc9d9-ddb5-4fa4-a97d-d965ccfc6d4b" outcome="Passed" testListId="8c84fa94-04c1-424b-9868-57a2d4851a1d" relativeResultsDirectory="8f70884f-6ad6-4476-9a15-1d722d6e18fc">
    </UnitTestResult>
    <UnitTestResult executionId="0dbc32c1-3843-4482-b310-664398f343a6" testId="ebaa08fa-ca64-2f9d-000b-284739e5faa4" testName="TestAllOperaters" computerName="VIDR95PV8H" duration="00:00:00.0061159" startTime="2014-09-12T18:08:22.2318212+02:00" endTime="2014-09-12T18:08:22.2598228+02:00" testType="13cdc9d9-ddb5-4fa4-a97d-d965ccfc6d4b" outcome="Passed" testListId="8c84fa94-04c1-424b-9868-57a2d4851a1d" relativeResultsDirectory="0dbc32c1-3843-4482-b310-664398f343a6">
    </UnitTestResult>
    <UnitTestResult executionId="5e7627b6-e2cb-432a-973d-e10e5263feed" testId="0b65d7d9-3b47-9fa5-37c5-3b2d7af6ed77" testName="TestComplexExpressions" computerName="VIDR95PV8H" duration="00:00:00.0007829" startTime="2014-09-12T18:08:22.2918246+02:00" endTime="2014-09-12T18:08:22.3088256+02:00" testType="13cdc9d9-ddb5-4fa4-a97d-d965ccfc6d4b" outcome="Passed" testListId="8c84fa94-04c1-424b-9868-57a2d4851a1d" relativeResultsDirectory="5e7627b6-e2cb-432a-973d-e10e5263feed">
    </UnitTestResult>
    <UnitTestResult executionId="ee53106b-b75b-4ea2-be54-cc124ba59fb0" testId="10fcdf76-4bc9-d882-e99a-48bc993676a8" testName="TestShouldGive14" computerName="VIDR95PV8H" duration="00:00:00.0005904" startTime="2014-09-12T18:08:22.3318269+02:00" endTime="2014-09-12T18:08:22.3428276+02:00" testType="13cdc9d9-ddb5-4fa4-a97d-d965ccfc6d4b" outcome="Passed" testListId="8c84fa94-04c1-424b-9868-57a2d4851a1d" relativeResultsDirectory="ee53106b-b75b-4ea2-be54-cc124ba59fb0">
    </UnitTestResult>
    <UnitTestResult executionId="40a5f6fb-066a-4d8b-a581-30ab7f979947" testId="a9ae6639-1269-fa2a-4800-482cd47f32e8" testName="InfixTestNothingAndNull" computerName="VIDR95PV8H" duration="00:00:00.0047527" startTime="2014-09-12T18:08:22.3618286+02:00" endTime="2014-09-12T18:08:22.3778296+02:00" testType="13cdc9d9-ddb5-4fa4-a97d-d965ccfc6d4b" outcome="Passed" testListId="8c84fa94-04c1-424b-9868-57a2d4851a1d" relativeResultsDirectory="40a5f6fb-066a-4d8b-a581-30ab7f979947">
    </UnitTestResult>
    <UnitTestResult executionId="ee47b459-32b7-40f0-8e5d-ee571ea5d7ab" testId="78557564-b2d4-7df1-b9dc-8bc3581670d0" testName="InfixTestAllOperaters" computerName="VIDR95PV8H" duration="00:00:52.7720183" startTime="2014-09-12T18:08:22.3988308+02:00" endTime="2014-09-12T18:09:15.1708491+02:00" testType="13cdc9d9-ddb5-4fa4-a97d-d965ccfc6d4b" outcome="Aborted" testListId="8c84fa94-04c1-424b-9868-57a2d4851a1d" relativeResultsDirectory="ee47b459-32b7-40f0-8e5d-ee571ea5d7ab">
    </UnitTestResult>
    <UnitTestResult executionId="026433b7-4650-409f-a81e-a5cd003e07e3" testId="d5853c0e-26ef-d402-fcdb-d8466c042508" testName="InfixTestComplexExpressions" computerName="VIDR95PV8H" testType="13cdc9d9-ddb5-4fa4-a97d-d965ccfc6d4b" outcome="NotExecuted" testListId="8c84fa94-04c1-424b-9868-57a2d4851a1d" relativeResultsDirectory="026433b7-4650-409f-a81e-a5cd003e07e3">
    </UnitTestResult>
    <UnitTestResult executionId="3610f148-f9f4-494c-9c9f-4c68f066c0c6" testId="0587474e-8cdf-b35c-53d2-1cc0a5efa030" testName="InfixTestShouldGive14" computerName="VIDR95PV8H" testType="13cdc9d9-ddb5-4fa4-a97d-d965ccfc6d4b" outcome="NotExecuted" testListId="8c84fa94-04c1-424b-9868-57a2d4851a1d" relativeResultsDirectory="3610f148-f9f4-494c-9c9f-4c68f066c0c6">
    </UnitTestResult>
    <UnitTestResult executionId="9fd4fab1-3766-4d05-a02f-5eebbff574c6" testId="69bdaff6-7781-442a-ef92-b47b7a38f542" testName="InfixTestXBeforePlus" computerName="VIDR95PV8H" testType="13cdc9d9-ddb5-4fa4-a97d-d965ccfc6d4b" outcome="NotExecuted" testListId="8c84fa94-04c1-424b-9868-57a2d4851a1d" relativeResultsDirectory="9fd4fab1-3766-4d05-a02f-5eebbff574c6">
    </UnitTestResult>
    <UnitTestResult executionId="503fedff-a452-4c80-92c1-5a5340ca544f" testId="ff94907c-80ed-3370-59f4-0a57a50f3061" testName="InfixTestPowBeforeX" computerName="VIDR95PV8H" testType="13cdc9d9-ddb5-4fa4-a97d-d965ccfc6d4b" outcome="NotExecuted" testListId="8c84fa94-04c1-424b-9868-57a2d4851a1d" relativeResultsDirectory="503fedff-a452-4c80-92c1-5a5340ca544f">
    </UnitTestResult>
  </Results>
</TestRun>