<?xml version="1.0" encoding="UTF-8"?>
<TestRun id="57454f03-37a1-429f-81c0-d93de119dc34" name="stin7054@VIDR95PV8H 2014-09-12 16:38:40" runUser="DJES\stin7054" xmlns="http://microsoft.com/schemas/VisualStudio/TeamTest/2010">
  <TestSettings name="Local" id="04115614-1aaf-4ba0-addb-7711795f6c7f">
    <Description>These are default test settings for a local test run.</Description>
    <Deployment enabled="false" runDeploymentRoot="stin7054_VIDR95PV8H 2014-09-12 16_38_40">
      <DeploymentItem filename="C:\Users\stin7054\Documents\GitHub\BDSA2014\BDSA2013\Assignment37-TextProcessing\bin\Debug\Assignment37-TextProcessing.exe" />
    </Deployment>
    <Execution>
      <TestTypeSpecific />
      <AgentRule name="Execution Agents">
      </AgentRule>
    </Execution>
  </TestSettings>
  <Times creation="2014-09-12T16:38:40.4450006+02:00" queuing="2014-09-12T16:38:43.3181649+02:00" start="2014-09-12T16:38:43.4661734+02:00" finish="2014-09-12T16:42:14.4392404+02:00" />
  <ResultSummary outcome="Error">
    <Counters total="1" executed="1" error="0" failed="0" timeout="0" aborted="1" inconclusive="0" passedButRunAborted="0" notRunnable="0" notExecuted="0" disconnected="0" warning="0" passed="0" completed="0" inProgress="0" pending="0" />
    <RunInfos>
      <RunInfo computerName="VIDR95PV8H" outcome="Error" timestamp="2014-09-12T16:42:14.2962322+02:00">
        <Text>Test host process exited unexpectedly.</Text>
      </RunInfo>
    </RunInfos>
  </ResultSummary>
  <TestDefinitions>
    <UnitTest name="TestMethod1" storage="c:\users\stin7054\documents\github\bdsa2014\bdsa2013\assignment37-textprocessing.tests\bin\debug\assignment37-textprocessing.tests.dll" id="fb526598-bf23-f82a-6ce1-d66a4f750b0f">
      <Execution id="fbae8fee-aeb9-4bac-b77e-dbf88da36d89" />
      <TestMethod codeBase="C:/Users/stin7054/Documents/GitHub/BDSA2014/BDSA2013/Assignment37-TextProcessing.Tests/bin/Debug/Assignment37-TextProcessing.Tests.DLL" adapterTypeName="Microsoft.VisualStudio.TestTools.TestTypes.Unit.UnitTestAdapter, Microsoft.VisualStudio.QualityTools.Tips.UnitTest.Adapter, Version=10.0.0.0, Culture=neutral, PublicKeyToken=b03f5f7f11d50a3a" className="Assignment37_TextProcessing.Tests.UnitTest1, Assignment37-TextProcessing.Tests, Version=1.0.0.0, Culture=neutral, PublicKeyToken=null" name="TestMethod1" />
    </UnitTest>
  </TestDefinitions>
  <TestLists>
    <TestList name="Results Not in a List" id="8c84fa94-04c1-424b-9868-57a2d4851a1d" />
    <TestList name="All Loaded Results" id="19431567-8539-422a-85d7-44ee4e166bda" />
  </TestLists>
  <TestEntries>
    <TestEntry testId="fb526598-bf23-f82a-6ce1-d66a4f750b0f" executionId="fbae8fee-aeb9-4bac-b77e-dbf88da36d89" testListId="8c84fa94-04c1-424b-9868-57a2d4851a1d" />
  </TestEntries>
  <Results>
    <UnitTestResult executionId="fbae8fee-aeb9-4bac-b77e-dbf88da36d89" testId="fb526598-bf23-f82a-6ce1-d66a4f750b0f" testName="TestMethod1" computerName="VIDR95PV8H" duration="00:03:30.7240528" startTime="2014-09-12T16:38:43.5731795+02:00" endTime="2014-09-12T16:42:14.2972323+02:00" testType="13cdc9d9-ddb5-4fa4-a97d-d965ccfc6d4b" outcome="Aborted" testListId="8c84fa94-04c1-424b-9868-57a2d4851a1d" relativeResultsDirectory="fbae8fee-aeb9-4bac-b77e-dbf88da36d89">
    </UnitTestResult>
  </Results>
</TestRun>