<?xml version="1.0" encoding="UTF-8"?>
<TestRun id="1dfd8f9a-17cb-447d-8fd9-fe012124fbba" name="stin7054@VIDR95PV8H 2014-09-12 18:01:05" runUser="DJES\stin7054" xmlns="http://microsoft.com/schemas/VisualStudio/TeamTest/2010">
  <TestSettings name="Local" id="04115614-1aaf-4ba0-addb-7711795f6c7f">
    <Description>These are default test settings for a local test run.</Description>
    <Deployment enabled="false" runDeploymentRoot="stin7054_VIDR95PV8H 2014-09-12 18_01_05">
      <DeploymentItem filename="C:\Users\stin7054\Documents\GitHub\BDSA2014\BDSA2013\Assignment37-ReversePolishCalculator\bin\Debug\Assignment37-ReversePolishCalculator.exe" />
    </Deployment>
    <Execution>
      <TestTypeSpecific />
      <AgentRule name="Execution Agents">
      </AgentRule>
    </Execution>
  </TestSettings>
  <Times creation="2014-09-12T18:01:05.0858179+02:00" queuing="2014-09-12T18:01:07.9669827+02:00" start="2014-09-12T18:01:08.0579879+02:00" finish="2014-09-12T18:01:20.6137060+02:00" />
  <ResultSummary outcome="Error">
    <Counters total="10" executed="4" passed="3" error="0" failed="0" timeout="0" aborted="1" inconclusive="0" passedButRunAborted="0" notRunnable="0" notExecuted="6" disconnected="0" warning="0" completed="0" inProgress="0" pending="0" />
    <RunInfos>
      <RunInfo computerName="VIDR95PV8H" outcome="Error" timestamp="2014-09-12T18:01:20.6097058+02:00">
        <Text>Test host process exited unexpectedly.</Text>
      </RunInfo>
    </RunInfos>
  </ResultSummary>
  <TestDefinitions>
    <UnitTest name="InfixTestAllOperaters" storage="c:\users\stin7054\documents\github\bdsa2014\bdsa2013\assignment37_reversepolishcalculator.test\bin\debug\assignment37_reversepolishcalculator.test.dll" id="78557564-b2d4-7df1-b9dc-8bc3581670d0">
      <Execution id="b939d3b0-6687-4d32-a06c-cbb1245c12b4" />
      <TestMethod codeBase="C:/Users/stin7054/Documents/GitHub/BDSA2014/BDSA2013/Assignment37_ReversePolishCalculator.test/bin/Debug/Assignment37_ReversePolishCalculator.test.DLL" adapterTypeName="Microsoft.VisualStudio.TestTools.TestTypes.Unit.UnitTestAdapter, Microsoft.VisualStudio.QualityTools.Tips.UnitTest.Adapter, Version=10.0.0.0, Culture=neutral, PublicKeyToken=b03f5f7f11d50a3a" className="Assignment37_ReversePolishCalculator.test.UnitTest1, Assignment37_ReversePolishCalculator.test, Version=1.0.0.0, Culture=neutral, PublicKeyToken=null" name="InfixTestAllOperaters" />
    </UnitTest>
    <UnitTest name="InfixTestShouldGive14" storage="c:\users\stin7054\documents\github\bdsa2014\bdsa2013\assignment37_reversepolishcalculator.test\bin\debug\assignment37_reversepolishcalculator.test.dll" id="0587474e-8cdf-b35c-53d2-1cc0a5efa030">
      <Execution id="79568863-456e-40fc-bb5c-7c8a2b85c2fe" />
      <TestMethod codeBase="C:/Users/stin7054/Documents/GitHub/BDSA2014/BDSA2013/Assignment37_ReversePolishCalculator.test/bin/Debug/Assignment37_ReversePolishCalculator.test.DLL" adapterTypeName="Microsoft.VisualStudio.TestTools.TestTypes.Unit.UnitTestAdapter, Microsoft.VisualStudio.QualityTools.Tips.UnitTest.Adapter, Version=10.0.0.0, Culture=neutral, PublicKeyToken=b03f5f7f11d50a3a" className="Assignment37_ReversePolishCalculator.test.UnitTest1, Assignment37_ReversePolishCalculator.test, Version=1.0.0.0, Culture=neutral, PublicKeyToken=null" name="InfixTestShouldGive14" />
    </UnitTest>
    <UnitTest name="TestNothingAndNull" storage="c:\users\stin7054\documents\github\bdsa2014\bdsa2013\assignment37_reversepolishcalculator.test\bin\debug\assignment37_reversepolishcalculator.test.dll" id="55736ecb-5ac6-d2a8-1b5a-2537e7f6e195">
      <Execution id="48e77127-ef01-40f7-b287-63df5bad7a09" />
      <TestMethod codeBase="C:/Users/stin7054/Documents/GitHub/BDSA2014/BDSA2013/Assignment37_ReversePolishCalculator.test/bin/Debug/Assignment37_ReversePolishCalculator.test.DLL" adapterTypeName="Microsoft.VisualStudio.TestTools.TestTypes.Unit.UnitTestAdapter, Microsoft.VisualStudio.QualityTools.Tips.UnitTest.Adapter, Version=10.0.0.0, Culture=neutral, PublicKeyToken=b03f5f7f11d50a3a" className="Assignment37_ReversePolishCalculator.test.UnitTest1, Assignment37_ReversePolishCalculator.test, Version=1.0.0.0, Culture=neutral, PublicKeyToken=null" name="TestNothingAndNull" />
    </UnitTest>
    <UnitTest name="TestComplexExpressions" storage="c:\users\stin7054\documents\github\bdsa2014\bdsa2013\assignment37_reversepolishcalculator.test\bin\debug\assignment37_reversepolishcalculator.test.dll" id="0b65d7d9-3b47-9fa5-37c5-3b2d7af6ed77">
      <Execution id="452d4dca-6106-414a-bd5a-0be6863096b2" />
      <TestMethod codeBase="C:/Users/stin7054/Documents/GitHub/BDSA2014/BDSA2013/Assignment37_ReversePolishCalculator.test/bin/Debug/Assignment37_ReversePolishCalculator.test.DLL" adapterTypeName="Microsoft.VisualStudio.TestTools.TestTypes.Unit.UnitTestAdapter, Microsoft.VisualStudio.QualityTools.Tips.UnitTest.Adapter, Version=10.0.0.0, Culture=neutral, PublicKeyToken=b03f5f7f11d50a3a" className="Assignment37_ReversePolishCalculator.test.UnitTest1, Assignment37_ReversePolishCalculator.test, Version=1.0.0.0, Culture=neutral, PublicKeyToken=null" name="TestComplexExpressions" />
    </UnitTest>
    <UnitTest name="InfixTestNothingAndNull" storage="c:\users\stin7054\documents\github\bdsa2014\bdsa2013\assignment37_reversepolishcalculator.test\bin\debug\assignment37_reversepolishcalculator.test.dll" id="a9ae6639-1269-fa2a-4800-482cd47f32e8">
      <Execution id="d84be577-f9a5-430d-be34-1c327d6f1df4" />
      <TestMethod codeBase="C:/Users/stin7054/Documents/GitHub/BDSA2014/BDSA2013/Assignment37_ReversePolishCalculator.test/bin/Debug/Assignment37_ReversePolishCalculator.test.DLL" adapterTypeName="Microsoft.VisualStudio.TestTools.TestTypes.Unit.UnitTestAdapter, Microsoft.VisualStudio.QualityTools.Tips.UnitTest.Adapter, Version=10.0.0.0, Culture=neutral, PublicKeyToken=b03f5f7f11d50a3a" className="Assignment37_ReversePolishCalculator.test.UnitTest1, Assignment37_ReversePolishCalculator.test, Version=1.0.0.0, Culture=neutral, PublicKeyToken=null" name="InfixTestNothingAndNull" />
    </UnitTest>
    <UnitTest name="TestAllOperaters" storage="c:\users\stin7054\documents\github\bdsa2014\bdsa2013\assignment37_reversepolishcalculator.test\bin\debug\assignment37_reversepolishcalculator.test.dll" id="ebaa08fa-ca64-2f9d-000b-284739e5faa4">
      <Execution id="57027962-a6a0-498e-a845-fb0e56796c17" />
      <TestMethod codeBase="C:/Users/stin7054/Documents/GitHub/BDSA2014/BDSA2013/Assignment37_ReversePolishCalculator.test/bin/Debug/Assignment37_ReversePolishCalculator.test.DLL" adapterTypeName="Microsoft.VisualStudio.TestTools.TestTypes.Unit.UnitTestAdapter, Microsoft.VisualStudio.QualityTools.Tips.UnitTest.Adapter, Version=10.0.0.0, Culture=neutral, PublicKeyToken=b03f5f7f11d50a3a" className="Assignment37_ReversePolishCalculator.test.UnitTest1, Assignment37_ReversePolishCalculator.test, Version=1.0.0.0, Culture=neutral, PublicKeyToken=null" name="TestAllOperaters" />
    </UnitTest>
    <UnitTest name="InfixTestComplexExpressions" storage="c:\users\stin7054\documents\github\bdsa2014\bdsa2013\assignment37_reversepolishcalculator.test\bin\debug\assignment37_reversepolishcalculator.test.dll" id="d5853c0e-26ef-d402-fcdb-d8466c042508">
      <Execution id="e2d2bc38-3190-4969-bf81-293306d1b35f" />
      <TestMethod codeBase="C:/Users/stin7054/Documents/GitHub/BDSA2014/BDSA2013/Assignment37_ReversePolishCalculator.test/bin/Debug/Assignment37_ReversePolishCalculator.test.DLL" adapterTypeName="Microsoft.VisualStudio.TestTools.TestTypes.Unit.UnitTestAdapter, Microsoft.VisualStudio.QualityTools.Tips.UnitTest.Adapter, Version=10.0.0.0, Culture=neutral, PublicKeyToken=b03f5f7f11d50a3a" className="Assignment37_ReversePolishCalculator.test.UnitTest1, Assignment37_ReversePolishCalculator.test, Version=1.0.0.0, Culture=neutral, PublicKeyToken=null" name="InfixTestComplexExpressions" />
    </UnitTest>
    <UnitTest name="InfixTestXBeforePlus" storage="c:\users\stin7054\documents\github\bdsa2014\bdsa2013\assignment37_reversepolishcalculator.test\bin\debug\assignment37_reversepolishcalculator.test.dll" id="69bdaff6-7781-442a-ef92-b47b7a38f542">
      <Execution id="db5b9fcb-62bc-4cbf-bced-0c14ab9c87ae" />
      <TestMethod codeBase="C:/Users/stin7054/Documents/GitHub/BDSA2014/BDSA2013/Assignment37_ReversePolishCalculator.test/bin/Debug/Assignment37_ReversePolishCalculator.test.DLL" adapterTypeName="Microsoft.VisualStudio.TestTools.TestTypes.Unit.UnitTestAdapter, Microsoft.VisualStudio.QualityTools.Tips.UnitTest.Adapter, Version=10.0.0.0, Culture=neutral, PublicKeyToken=b03f5f7f11d50a3a" className="Assignment37_ReversePolishCalculator.test.UnitTest1, Assignment37_ReversePolishCalculator.test, Version=1.0.0.0, Culture=neutral, PublicKeyToken=null" name="InfixTestXBeforePlus" />
    </UnitTest>
    <UnitTest name="TestShouldGive14" storage="c:\users\stin7054\documents\github\bdsa2014\bdsa2013\assignment37_reversepolishcalculator.test\bin\debug\assignment37_reversepolishcalculator.test.dll" id="10fcdf76-4bc9-d882-e99a-48bc993676a8">
      <Execution id="2d93682f-ea8e-4c22-b291-840ce3b8b78d" />
      <TestMethod codeBase="C:/Users/stin7054/Documents/GitHub/BDSA2014/BDSA2013/Assignment37_ReversePolishCalculator.test/bin/Debug/Assignment37_ReversePolishCalculator.test.DLL" adapterTypeName="Microsoft.VisualStudio.TestTools.TestTypes.Unit.UnitTestAdapter, Microsoft.VisualStudio.QualityTools.Tips.UnitTest.Adapter, Version=10.0.0.0, Culture=neutral, PublicKeyToken=b03f5f7f11d50a3a" className="Assignment37_ReversePolishCalculator.test.UnitTest1, Assignment37_ReversePolishCalculator.test, Version=1.0.0.0, Culture=neutral, PublicKeyToken=null" name="TestShouldGive14" />
    </UnitTest>
    <UnitTest name="InfixTestPowBeforeX" storage="c:\users\stin7054\documents\github\bdsa2014\bdsa2013\assignment37_reversepolishcalculator.test\bin\debug\assignment37_reversepolishcalculator.test.dll" id="ff94907c-80ed-3370-59f4-0a57a50f3061">
      <Execution id="f2aa4c4e-b128-4990-80e2-51c5b7df0e8c" />
      <TestMethod codeBase="C:/Users/stin7054/Documents/GitHub/BDSA2014/BDSA2013/Assignment37_ReversePolishCalculator.test/bin/Debug/Assignment37_ReversePolishCalculator.test.DLL" adapterTypeName="Microsoft.VisualStudio.TestTools.TestTypes.Unit.UnitTestAdapter, Microsoft.VisualStudio.QualityTools.Tips.UnitTest.Adapter, Version=10.0.0.0, Culture=neutral, PublicKeyToken=b03f5f7f11d50a3a" className="Assignment37_ReversePolishCalculator.test.UnitTest1, Assignment37_ReversePolishCalculator.test, Version=1.0.0.0, Culture=neutral, PublicKeyToken=null" name="InfixTestPowBeforeX" />
    </UnitTest>
  </TestDefinitions>
  <TestLists>
    <TestList name="Results Not in a List" id="8c84fa94-04c1-424b-9868-57a2d4851a1d" />
    <TestList name="All Loaded Results" id="19431567-8539-422a-85d7-44ee4e166bda" />
  </TestLists>
  <TestEntries>
    <TestEntry testId="55736ecb-5ac6-d2a8-1b5a-2537e7f6e195" executionId="48e77127-ef01-40f7-b287-63df5bad7a09" testListId="8c84fa94-04c1-424b-9868-57a2d4851a1d" />
    <TestEntry testId="ebaa08fa-ca64-2f9d-000b-284739e5faa4" executionId="57027962-a6a0-498e-a845-fb0e56796c17" testListId="8c84fa94-04c1-424b-9868-57a2d4851a1d" />
    <TestEntry testId="0b65d7d9-3b47-9fa5-37c5-3b2d7af6ed77" executionId="452d4dca-6106-414a-bd5a-0be6863096b2" testListId="8c84fa94-04c1-424b-9868-57a2d4851a1d" />
    <TestEntry testId="10fcdf76-4bc9-d882-e99a-48bc993676a8" executionId="2d93682f-ea8e-4c22-b291-840ce3b8b78d" testListId="8c84fa94-04c1-424b-9868-57a2d4851a1d" />
    <TestEntry testId="a9ae6639-1269-fa2a-4800-482cd47f32e8" executionId="d84be577-f9a5-430d-be34-1c327d6f1df4" testListId="8c84fa94-04c1-424b-9868-57a2d4851a1d" />
    <TestEntry testId="78557564-b2d4-7df1-b9dc-8bc3581670d0" executionId="b939d3b0-6687-4d32-a06c-cbb1245c12b4" testListId="8c84fa94-04c1-424b-9868-57a2d4851a1d" />
    <TestEntry testId="d5853c0e-26ef-d402-fcdb-d8466c042508" executionId="e2d2bc38-3190-4969-bf81-293306d1b35f" testListId="8c84fa94-04c1-424b-9868-57a2d4851a1d" />
    <TestEntry testId="0587474e-8cdf-b35c-53d2-1cc0a5efa030" executionId="79568863-456e-40fc-bb5c-7c8a2b85c2fe" testListId="8c84fa94-04c1-424b-9868-57a2d4851a1d" />
    <TestEntry testId="69bdaff6-7781-442a-ef92-b47b7a38f542" executionId="db5b9fcb-62bc-4cbf-bced-0c14ab9c87ae" testListId="8c84fa94-04c1-424b-9868-57a2d4851a1d" />
    <TestEntry testId="ff94907c-80ed-3370-59f4-0a57a50f3061" executionId="f2aa4c4e-b128-4990-80e2-51c5b7df0e8c" testListId="8c84fa94-04c1-424b-9868-57a2d4851a1d" />
  </TestEntries>
  <Results>
    <UnitTestResult executionId="48e77127-ef01-40f7-b287-63df5bad7a09" testId="55736ecb-5ac6-d2a8-1b5a-2537e7f6e195" testName="TestNothingAndNull" computerName="VIDR95PV8H" duration="00:00:00.0373570" startTime="2014-09-12T18:01:08.1559935+02:00" endTime="2014-09-12T18:01:10.5781320+02:00" testType="13cdc9d9-ddb5-4fa4-a97d-d965ccfc6d4b" outcome="Passed" testListId="8c84fa94-04c1-424b-9868-57a2d4851a1d" relativeResultsDirectory="48e77127-ef01-40f7-b287-63df5bad7a09">
    </UnitTestResult>
    <UnitTestResult executionId="57027962-a6a0-498e-a845-fb0e56796c17" testId="ebaa08fa-ca64-2f9d-000b-284739e5faa4" testName="TestAllOperaters" computerName="VIDR95PV8H" duration="00:00:00.0026205" startTime="2014-09-12T18:01:10.5981332+02:00" endTime="2014-09-12T18:01:10.6121340+02:00" testType="13cdc9d9-ddb5-4fa4-a97d-d965ccfc6d4b" outcome="Passed" testListId="8c84fa94-04c1-424b-9868-57a2d4851a1d" relativeResultsDirectory="57027962-a6a0-498e-a845-fb0e56796c17">
    </UnitTestResult>
    <UnitTestResult executionId="452d4dca-6106-414a-bd5a-0be6863096b2" testId="0b65d7d9-3b47-9fa5-37c5-3b2d7af6ed77" testName="TestComplexExpressions" computerName="VIDR95PV8H" duration="00:00:00.0004850" startTime="2014-09-12T18:01:10.6271348+02:00" endTime="2014-09-12T18:01:10.6431357+02:00" testType="13cdc9d9-ddb5-4fa4-a97d-d965ccfc6d4b" outcome="Passed" testListId="8c84fa94-04c1-424b-9868-57a2d4851a1d" relativeResultsDirectory="452d4dca-6106-414a-bd5a-0be6863096b2">
    </UnitTestResult>
    <UnitTestResult executionId="2d93682f-ea8e-4c22-b291-840ce3b8b78d" testId="10fcdf76-4bc9-d882-e99a-48bc993676a8" testName="TestShouldGive14" computerName="VIDR95PV8H" duration="00:00:09.9135670" startTime="2014-09-12T18:01:10.6981389+02:00" endTime="2014-09-12T18:01:20.6117059+02:00" testType="13cdc9d9-ddb5-4fa4-a97d-d965ccfc6d4b" outcome="Aborted" testListId="8c84fa94-04c1-424b-9868-57a2d4851a1d" relativeResultsDirectory="2d93682f-ea8e-4c22-b291-840ce3b8b78d">
    </UnitTestResult>
    <UnitTestResult executionId="d84be577-f9a5-430d-be34-1c327d6f1df4" testId="a9ae6639-1269-fa2a-4800-482cd47f32e8" testName="InfixTestNothingAndNull" computerName="VIDR95PV8H" testType="13cdc9d9-ddb5-4fa4-a97d-d965ccfc6d4b" outcome="NotExecuted" testListId="8c84fa94-04c1-424b-9868-57a2d4851a1d" relativeResultsDirectory="d84be577-f9a5-430d-be34-1c327d6f1df4">
    </UnitTestResult>
    <UnitTestResult executionId="b939d3b0-6687-4d32-a06c-cbb1245c12b4" testId="78557564-b2d4-7df1-b9dc-8bc3581670d0" testName="InfixTestAllOperaters" computerName="VIDR95PV8H" testType="13cdc9d9-ddb5-4fa4-a97d-d965ccfc6d4b" outcome="NotExecuted" testListId="8c84fa94-04c1-424b-9868-57a2d4851a1d" relativeResultsDirectory="b939d3b0-6687-4d32-a06c-cbb1245c12b4">
    </UnitTestResult>
    <UnitTestResult executionId="e2d2bc38-3190-4969-bf81-293306d1b35f" testId="d5853c0e-26ef-d402-fcdb-d8466c042508" testName="InfixTestComplexExpressions" computerName="VIDR95PV8H" testType="13cdc9d9-ddb5-4fa4-a97d-d965ccfc6d4b" outcome="NotExecuted" testListId="8c84fa94-04c1-424b-9868-57a2d4851a1d" relativeResultsDirectory="e2d2bc38-3190-4969-bf81-293306d1b35f">
    </UnitTestResult>
    <UnitTestResult executionId="79568863-456e-40fc-bb5c-7c8a2b85c2fe" testId="0587474e-8cdf-b35c-53d2-1cc0a5efa030" testName="InfixTestShouldGive14" computerName="VIDR95PV8H" testType="13cdc9d9-ddb5-4fa4-a97d-d965ccfc6d4b" outcome="NotExecuted" testListId="8c84fa94-04c1-424b-9868-57a2d4851a1d" relativeResultsDirectory="79568863-456e-40fc-bb5c-7c8a2b85c2fe">
    </UnitTestResult>
    <UnitTestResult executionId="db5b9fcb-62bc-4cbf-bced-0c14ab9c87ae" testId="69bdaff6-7781-442a-ef92-b47b7a38f542" testName="InfixTestXBeforePlus" computerName="VIDR95PV8H" testType="13cdc9d9-ddb5-4fa4-a97d-d965ccfc6d4b" outcome="NotExecuted" testListId="8c84fa94-04c1-424b-9868-57a2d4851a1d" relativeResultsDirectory="db5b9fcb-62bc-4cbf-bced-0c14ab9c87ae">
    </UnitTestResult>
    <UnitTestResult executionId="f2aa4c4e-b128-4990-80e2-51c5b7df0e8c" testId="ff94907c-80ed-3370-59f4-0a57a50f3061" testName="InfixTestPowBeforeX" computerName="VIDR95PV8H" testType="13cdc9d9-ddb5-4fa4-a97d-d965ccfc6d4b" outcome="NotExecuted" testListId="8c84fa94-04c1-424b-9868-57a2d4851a1d" relativeResultsDirectory="f2aa4c4e-b128-4990-80e2-51c5b7df0e8c">
    </UnitTestResult>
  </Results>
</TestRun>