<?xml version="1.0" encoding="UTF-8"?>
<TestRun id="3806e13e-9013-4885-9d38-7985da1aff26" name="stin7054@VIDR95PV8H 2014-09-12 17:51:22" runUser="DJES\stin7054" xmlns="http://microsoft.com/schemas/VisualStudio/TeamTest/2010">
  <TestSettings name="Local" id="04115614-1aaf-4ba0-addb-7711795f6c7f">
    <Description>These are default test settings for a local test run.</Description>
    <Deployment enabled="false" runDeploymentRoot="stin7054_VIDR95PV8H 2014-09-12 17_51_22">
      <DeploymentItem filename="C:\Users\stin7054\Documents\GitHub\BDSA2014\BDSA2013\Assignment37-ReversePolishCalculator\bin\Debug\Assignment37-ReversePolishCalculator.exe" />
    </Deployment>
    <Execution>
      <TestTypeSpecific />
      <AgentRule name="Execution Agents">
      </AgentRule>
    </Execution>
  </TestSettings>
  <Times creation="2014-09-12T17:51:22.2984844+02:00" queuing="2014-09-12T17:51:25.0656426+02:00" start="2014-09-12T17:51:25.1956501+02:00" finish="2014-09-12T17:53:52.5580787+02:00" />
  <ResultSummary outcome="Error">
    <Counters total="10" executed="2" passed="1" error="0" failed="0" timeout="0" aborted="1" inconclusive="0" passedButRunAborted="0" notRunnable="0" notExecuted="8" disconnected="0" warning="0" completed="0" inProgress="0" pending="0" />
    <RunInfos>
      <RunInfo computerName="VIDR95PV8H" outcome="Error" timestamp="2014-09-12T17:53:52.5540785+02:00">
        <Text>Test host process exited unexpectedly.</Text>
      </RunInfo>
    </RunInfos>
  </ResultSummary>
  <TestDefinitions>
    <UnitTest name="InfixTestAllOperaters" storage="c:\users\stin7054\documents\github\bdsa2014\bdsa2013\assignment37_reversepolishcalculator.test\bin\debug\assignment37_reversepolishcalculator.test.dll" id="78557564-b2d4-7df1-b9dc-8bc3581670d0">
      <Execution id="7e4f7a40-f3f5-4d1e-9e27-788be54e88bf" />
      <TestMethod codeBase="C:/Users/stin7054/Documents/GitHub/BDSA2014/BDSA2013/Assignment37_ReversePolishCalculator.test/bin/Debug/Assignment37_ReversePolishCalculator.test.DLL" adapterTypeName="Microsoft.VisualStudio.TestTools.TestTypes.Unit.UnitTestAdapter, Microsoft.VisualStudio.QualityTools.Tips.UnitTest.Adapter, Version=10.0.0.0, Culture=neutral, PublicKeyToken=b03f5f7f11d50a3a" className="Assignment37_ReversePolishCalculator.test.UnitTest1, Assignment37_ReversePolishCalculator.test, Version=1.0.0.0, Culture=neutral, PublicKeyToken=null" name="InfixTestAllOperaters" />
    </UnitTest>
    <UnitTest name="InfixTestShouldGive14" storage="c:\users\stin7054\documents\github\bdsa2014\bdsa2013\assignment37_reversepolishcalculator.test\bin\debug\assignment37_reversepolishcalculator.test.dll" id="0587474e-8cdf-b35c-53d2-1cc0a5efa030">
      <Execution id="943c5f44-cd3b-4ef1-a01f-e930136848ef" />
      <TestMethod codeBase="C:/Users/stin7054/Documents/GitHub/BDSA2014/BDSA2013/Assignment37_ReversePolishCalculator.test/bin/Debug/Assignment37_ReversePolishCalculator.test.DLL" adapterTypeName="Microsoft.VisualStudio.TestTools.TestTypes.Unit.UnitTestAdapter, Microsoft.VisualStudio.QualityTools.Tips.UnitTest.Adapter, Version=10.0.0.0, Culture=neutral, PublicKeyToken=b03f5f7f11d50a3a" className="Assignment37_ReversePolishCalculator.test.UnitTest1, Assignment37_ReversePolishCalculator.test, Version=1.0.0.0, Culture=neutral, PublicKeyToken=null" name="InfixTestShouldGive14" />
    </UnitTest>
    <UnitTest name="TestNothingAndNull" storage="c:\users\stin7054\documents\github\bdsa2014\bdsa2013\assignment37_reversepolishcalculator.test\bin\debug\assignment37_reversepolishcalculator.test.dll" id="55736ecb-5ac6-d2a8-1b5a-2537e7f6e195">
      <Execution id="ed09ab6a-3191-4353-ad73-94fd629f31a6" />
      <TestMethod codeBase="C:/Users/stin7054/Documents/GitHub/BDSA2014/BDSA2013/Assignment37_ReversePolishCalculator.test/bin/Debug/Assignment37_ReversePolishCalculator.test.DLL" adapterTypeName="Microsoft.VisualStudio.TestTools.TestTypes.Unit.UnitTestAdapter, Microsoft.VisualStudio.QualityTools.Tips.UnitTest.Adapter, Version=10.0.0.0, Culture=neutral, PublicKeyToken=b03f5f7f11d50a3a" className="Assignment37_ReversePolishCalculator.test.UnitTest1, Assignment37_ReversePolishCalculator.test, Version=1.0.0.0, Culture=neutral, PublicKeyToken=null" name="TestNothingAndNull" />
    </UnitTest>
    <UnitTest name="TestComplexExpressions" storage="c:\users\stin7054\documents\github\bdsa2014\bdsa2013\assignment37_reversepolishcalculator.test\bin\debug\assignment37_reversepolishcalculator.test.dll" id="0b65d7d9-3b47-9fa5-37c5-3b2d7af6ed77">
      <Execution id="86c9e08b-15fc-410f-abea-c223662bc676" />
      <TestMethod codeBase="C:/Users/stin7054/Documents/GitHub/BDSA2014/BDSA2013/Assignment37_ReversePolishCalculator.test/bin/Debug/Assignment37_ReversePolishCalculator.test.DLL" adapterTypeName="Microsoft.VisualStudio.TestTools.TestTypes.Unit.UnitTestAdapter, Microsoft.VisualStudio.QualityTools.Tips.UnitTest.Adapter, Version=10.0.0.0, Culture=neutral, PublicKeyToken=b03f5f7f11d50a3a" className="Assignment37_ReversePolishCalculator.test.UnitTest1, Assignment37_ReversePolishCalculator.test, Version=1.0.0.0, Culture=neutral, PublicKeyToken=null" name="TestComplexExpressions" />
    </UnitTest>
    <UnitTest name="InfixTestNothingAndNull" storage="c:\users\stin7054\documents\github\bdsa2014\bdsa2013\assignment37_reversepolishcalculator.test\bin\debug\assignment37_reversepolishcalculator.test.dll" id="a9ae6639-1269-fa2a-4800-482cd47f32e8">
      <Execution id="dd5156d3-8019-4945-b9e8-a6435b83391a" />
      <TestMethod codeBase="C:/Users/stin7054/Documents/GitHub/BDSA2014/BDSA2013/Assignment37_ReversePolishCalculator.test/bin/Debug/Assignment37_ReversePolishCalculator.test.DLL" adapterTypeName="Microsoft.VisualStudio.TestTools.TestTypes.Unit.UnitTestAdapter, Microsoft.VisualStudio.QualityTools.Tips.UnitTest.Adapter, Version=10.0.0.0, Culture=neutral, PublicKeyToken=b03f5f7f11d50a3a" className="Assignment37_ReversePolishCalculator.test.UnitTest1, Assignment37_ReversePolishCalculator.test, Version=1.0.0.0, Culture=neutral, PublicKeyToken=null" name="InfixTestNothingAndNull" />
    </UnitTest>
    <UnitTest name="TestAllOperaters" storage="c:\users\stin7054\documents\github\bdsa2014\bdsa2013\assignment37_reversepolishcalculator.test\bin\debug\assignment37_reversepolishcalculator.test.dll" id="ebaa08fa-ca64-2f9d-000b-284739e5faa4">
      <Execution id="cd2c41f4-baf1-42bd-bf21-dafcae7dce7f" />
      <TestMethod codeBase="C:/Users/stin7054/Documents/GitHub/BDSA2014/BDSA2013/Assignment37_ReversePolishCalculator.test/bin/Debug/Assignment37_ReversePolishCalculator.test.DLL" adapterTypeName="Microsoft.VisualStudio.TestTools.TestTypes.Unit.UnitTestAdapter, Microsoft.VisualStudio.QualityTools.Tips.UnitTest.Adapter, Version=10.0.0.0, Culture=neutral, PublicKeyToken=b03f5f7f11d50a3a" className="Assignment37_ReversePolishCalculator.test.UnitTest1, Assignment37_ReversePolishCalculator.test, Version=1.0.0.0, Culture=neutral, PublicKeyToken=null" name="TestAllOperaters" />
    </UnitTest>
    <UnitTest name="InfixTestComplexExpressions" storage="c:\users\stin7054\documents\github\bdsa2014\bdsa2013\assignment37_reversepolishcalculator.test\bin\debug\assignment37_reversepolishcalculator.test.dll" id="d5853c0e-26ef-d402-fcdb-d8466c042508">
      <Execution id="27fcab93-8922-4189-b386-7880fc2ad8f2" />
      <TestMethod codeBase="C:/Users/stin7054/Documents/GitHub/BDSA2014/BDSA2013/Assignment37_ReversePolishCalculator.test/bin/Debug/Assignment37_ReversePolishCalculator.test.DLL" adapterTypeName="Microsoft.VisualStudio.TestTools.TestTypes.Unit.UnitTestAdapter, Microsoft.VisualStudio.QualityTools.Tips.UnitTest.Adapter, Version=10.0.0.0, Culture=neutral, PublicKeyToken=b03f5f7f11d50a3a" className="Assignment37_ReversePolishCalculator.test.UnitTest1, Assignment37_ReversePolishCalculator.test, Version=1.0.0.0, Culture=neutral, PublicKeyToken=null" name="InfixTestComplexExpressions" />
    </UnitTest>
    <UnitTest name="InfixTestXBeforePlus" storage="c:\users\stin7054\documents\github\bdsa2014\bdsa2013\assignment37_reversepolishcalculator.test\bin\debug\assignment37_reversepolishcalculator.test.dll" id="69bdaff6-7781-442a-ef92-b47b7a38f542">
      <Execution id="eef7b7b5-476c-4d2b-b8b0-3b38e9fe6ba7" />
      <TestMethod codeBase="C:/Users/stin7054/Documents/GitHub/BDSA2014/BDSA2013/Assignment37_ReversePolishCalculator.test/bin/Debug/Assignment37_ReversePolishCalculator.test.DLL" adapterTypeName="Microsoft.VisualStudio.TestTools.TestTypes.Unit.UnitTestAdapter, Microsoft.VisualStudio.QualityTools.Tips.UnitTest.Adapter, Version=10.0.0.0, Culture=neutral, PublicKeyToken=b03f5f7f11d50a3a" className="Assignment37_ReversePolishCalculator.test.UnitTest1, Assignment37_ReversePolishCalculator.test, Version=1.0.0.0, Culture=neutral, PublicKeyToken=null" name="InfixTestXBeforePlus" />
    </UnitTest>
    <UnitTest name="TestShouldGive14" storage="c:\users\stin7054\documents\github\bdsa2014\bdsa2013\assignment37_reversepolishcalculator.test\bin\debug\assignment37_reversepolishcalculator.test.dll" id="10fcdf76-4bc9-d882-e99a-48bc993676a8">
      <Execution id="f18a6d61-2e55-48ee-aa7e-8b04e4756886" />
      <TestMethod codeBase="C:/Users/stin7054/Documents/GitHub/BDSA2014/BDSA2013/Assignment37_ReversePolishCalculator.test/bin/Debug/Assignment37_ReversePolishCalculator.test.DLL" adapterTypeName="Microsoft.VisualStudio.TestTools.TestTypes.Unit.UnitTestAdapter, Microsoft.VisualStudio.QualityTools.Tips.UnitTest.Adapter, Version=10.0.0.0, Culture=neutral, PublicKeyToken=b03f5f7f11d50a3a" className="Assignment37_ReversePolishCalculator.test.UnitTest1, Assignment37_ReversePolishCalculator.test, Version=1.0.0.0, Culture=neutral, PublicKeyToken=null" name="TestShouldGive14" />
    </UnitTest>
    <UnitTest name="InfixTestPowBeforeX" storage="c:\users\stin7054\documents\github\bdsa2014\bdsa2013\assignment37_reversepolishcalculator.test\bin\debug\assignment37_reversepolishcalculator.test.dll" id="ff94907c-80ed-3370-59f4-0a57a50f3061">
      <Execution id="f9fa6e7b-a532-444e-9382-fb751d42673f" />
      <TestMethod codeBase="C:/Users/stin7054/Documents/GitHub/BDSA2014/BDSA2013/Assignment37_ReversePolishCalculator.test/bin/Debug/Assignment37_ReversePolishCalculator.test.DLL" adapterTypeName="Microsoft.VisualStudio.TestTools.TestTypes.Unit.UnitTestAdapter, Microsoft.VisualStudio.QualityTools.Tips.UnitTest.Adapter, Version=10.0.0.0, Culture=neutral, PublicKeyToken=b03f5f7f11d50a3a" className="Assignment37_ReversePolishCalculator.test.UnitTest1, Assignment37_ReversePolishCalculator.test, Version=1.0.0.0, Culture=neutral, PublicKeyToken=null" name="InfixTestPowBeforeX" />
    </UnitTest>
  </TestDefinitions>
  <TestLists>
    <TestList name="Results Not in a List" id="8c84fa94-04c1-424b-9868-57a2d4851a1d" />
    <TestList name="All Loaded Results" id="19431567-8539-422a-85d7-44ee4e166bda" />
  </TestLists>
  <TestEntries>
    <TestEntry testId="55736ecb-5ac6-d2a8-1b5a-2537e7f6e195" executionId="ed09ab6a-3191-4353-ad73-94fd629f31a6" testListId="8c84fa94-04c1-424b-9868-57a2d4851a1d" />
    <TestEntry testId="ebaa08fa-ca64-2f9d-000b-284739e5faa4" executionId="cd2c41f4-baf1-42bd-bf21-dafcae7dce7f" testListId="8c84fa94-04c1-424b-9868-57a2d4851a1d" />
    <TestEntry testId="0b65d7d9-3b47-9fa5-37c5-3b2d7af6ed77" executionId="86c9e08b-15fc-410f-abea-c223662bc676" testListId="8c84fa94-04c1-424b-9868-57a2d4851a1d" />
    <TestEntry testId="10fcdf76-4bc9-d882-e99a-48bc993676a8" executionId="f18a6d61-2e55-48ee-aa7e-8b04e4756886" testListId="8c84fa94-04c1-424b-9868-57a2d4851a1d" />
    <TestEntry testId="a9ae6639-1269-fa2a-4800-482cd47f32e8" executionId="dd5156d3-8019-4945-b9e8-a6435b83391a" testListId="8c84fa94-04c1-424b-9868-57a2d4851a1d" />
    <TestEntry testId="78557564-b2d4-7df1-b9dc-8bc3581670d0" executionId="7e4f7a40-f3f5-4d1e-9e27-788be54e88bf" testListId="8c84fa94-04c1-424b-9868-57a2d4851a1d" />
    <TestEntry testId="d5853c0e-26ef-d402-fcdb-d8466c042508" executionId="27fcab93-8922-4189-b386-7880fc2ad8f2" testListId="8c84fa94-04c1-424b-9868-57a2d4851a1d" />
    <TestEntry testId="0587474e-8cdf-b35c-53d2-1cc0a5efa030" executionId="943c5f44-cd3b-4ef1-a01f-e930136848ef" testListId="8c84fa94-04c1-424b-9868-57a2d4851a1d" />
    <TestEntry testId="69bdaff6-7781-442a-ef92-b47b7a38f542" executionId="eef7b7b5-476c-4d2b-b8b0-3b38e9fe6ba7" testListId="8c84fa94-04c1-424b-9868-57a2d4851a1d" />
    <TestEntry testId="ff94907c-80ed-3370-59f4-0a57a50f3061" executionId="f9fa6e7b-a532-444e-9382-fb751d42673f" testListId="8c84fa94-04c1-424b-9868-57a2d4851a1d" />
  </TestEntries>
  <Results>
    <UnitTestResult executionId="ed09ab6a-3191-4353-ad73-94fd629f31a6" testId="55736ecb-5ac6-d2a8-1b5a-2537e7f6e195" testName="TestNothingAndNull" computerName="VIDR95PV8H" duration="00:00:00.0569647" startTime="2014-09-12T17:51:25.3176570+02:00" endTime="2014-09-12T17:51:28.6268463+02:00" testType="13cdc9d9-ddb5-4fa4-a97d-d965ccfc6d4b" outcome="Passed" testListId="8c84fa94-04c1-424b-9868-57a2d4851a1d" relativeResultsDirectory="ed09ab6a-3191-4353-ad73-94fd629f31a6">
    </UnitTestResult>
    <UnitTestResult executionId="cd2c41f4-baf1-42bd-bf21-dafcae7dce7f" testId="ebaa08fa-ca64-2f9d-000b-284739e5faa4" testName="TestAllOperaters" computerName="VIDR95PV8H" duration="00:02:23.8752292" startTime="2014-09-12T17:51:28.6818495+02:00" endTime="2014-09-12T17:53:52.5570787+02:00" testType="13cdc9d9-ddb5-4fa4-a97d-d965ccfc6d4b" outcome="Aborted" testListId="8c84fa94-04c1-424b-9868-57a2d4851a1d" relativeResultsDirectory="cd2c41f4-baf1-42bd-bf21-dafcae7dce7f">
    </UnitTestResult>
    <UnitTestResult executionId="86c9e08b-15fc-410f-abea-c223662bc676" testId="0b65d7d9-3b47-9fa5-37c5-3b2d7af6ed77" testName="TestComplexExpressions" computerName="VIDR95PV8H" testType="13cdc9d9-ddb5-4fa4-a97d-d965ccfc6d4b" outcome="NotExecuted" testListId="8c84fa94-04c1-424b-9868-57a2d4851a1d" relativeResultsDirectory="86c9e08b-15fc-410f-abea-c223662bc676">
    </UnitTestResult>
    <UnitTestResult executionId="f18a6d61-2e55-48ee-aa7e-8b04e4756886" testId="10fcdf76-4bc9-d882-e99a-48bc993676a8" testName="TestShouldGive14" computerName="VIDR95PV8H" testType="13cdc9d9-ddb5-4fa4-a97d-d965ccfc6d4b" outcome="NotExecuted" testListId="8c84fa94-04c1-424b-9868-57a2d4851a1d" relativeResultsDirectory="f18a6d61-2e55-48ee-aa7e-8b04e4756886">
    </UnitTestResult>
    <UnitTestResult executionId="dd5156d3-8019-4945-b9e8-a6435b83391a" testId="a9ae6639-1269-fa2a-4800-482cd47f32e8" testName="InfixTestNothingAndNull" computerName="VIDR95PV8H" testType="13cdc9d9-ddb5-4fa4-a97d-d965ccfc6d4b" outcome="NotExecuted" testListId="8c84fa94-04c1-424b-9868-57a2d4851a1d" relativeResultsDirectory="dd5156d3-8019-4945-b9e8-a6435b83391a">
    </UnitTestResult>
    <UnitTestResult executionId="7e4f7a40-f3f5-4d1e-9e27-788be54e88bf" testId="78557564-b2d4-7df1-b9dc-8bc3581670d0" testName="InfixTestAllOperaters" computerName="VIDR95PV8H" testType="13cdc9d9-ddb5-4fa4-a97d-d965ccfc6d4b" outcome="NotExecuted" testListId="8c84fa94-04c1-424b-9868-57a2d4851a1d" relativeResultsDirectory="7e4f7a40-f3f5-4d1e-9e27-788be54e88bf">
    </UnitTestResult>
    <UnitTestResult executionId="27fcab93-8922-4189-b386-7880fc2ad8f2" testId="d5853c0e-26ef-d402-fcdb-d8466c042508" testName="InfixTestComplexExpressions" computerName="VIDR95PV8H" testType="13cdc9d9-ddb5-4fa4-a97d-d965ccfc6d4b" outcome="NotExecuted" testListId="8c84fa94-04c1-424b-9868-57a2d4851a1d" relativeResultsDirectory="27fcab93-8922-4189-b386-7880fc2ad8f2">
    </UnitTestResult>
    <UnitTestResult executionId="943c5f44-cd3b-4ef1-a01f-e930136848ef" testId="0587474e-8cdf-b35c-53d2-1cc0a5efa030" testName="InfixTestShouldGive14" computerName="VIDR95PV8H" testType="13cdc9d9-ddb5-4fa4-a97d-d965ccfc6d4b" outcome="NotExecuted" testListId="8c84fa94-04c1-424b-9868-57a2d4851a1d" relativeResultsDirectory="943c5f44-cd3b-4ef1-a01f-e930136848ef">
    </UnitTestResult>
    <UnitTestResult executionId="eef7b7b5-476c-4d2b-b8b0-3b38e9fe6ba7" testId="69bdaff6-7781-442a-ef92-b47b7a38f542" testName="InfixTestXBeforePlus" computerName="VIDR95PV8H" testType="13cdc9d9-ddb5-4fa4-a97d-d965ccfc6d4b" outcome="NotExecuted" testListId="8c84fa94-04c1-424b-9868-57a2d4851a1d" relativeResultsDirectory="eef7b7b5-476c-4d2b-b8b0-3b38e9fe6ba7">
    </UnitTestResult>
    <UnitTestResult executionId="f9fa6e7b-a532-444e-9382-fb751d42673f" testId="ff94907c-80ed-3370-59f4-0a57a50f3061" testName="InfixTestPowBeforeX" computerName="VIDR95PV8H" testType="13cdc9d9-ddb5-4fa4-a97d-d965ccfc6d4b" outcome="NotExecuted" testListId="8c84fa94-04c1-424b-9868-57a2d4851a1d" relativeResultsDirectory="f9fa6e7b-a532-444e-9382-fb751d42673f">
    </UnitTestResult>
  </Results>
</TestRun>