<?xml version="1.0" encoding="UTF-8"?>
<TestRun id="44787624-59aa-4abe-a1ac-21466797e9d0" name="stin7054@VIDR95PV8H 2014-09-05 14:57:27" runUser="DJES\stin7054" xmlns="http://microsoft.com/schemas/VisualStudio/TeamTest/2010">
  <TestSettings name="Local" id="04115614-1aaf-4ba0-addb-7711795f6c7f">
    <Description>These are default test settings for a local test run.</Description>
    <Deployment enabled="false" runDeploymentRoot="stin7054_VIDR95PV8H 2014-09-05 14_57_27">
      <DeploymentItem filename="C:\Users\sttho102\Documents\Stinus Vikti\Projekter\VisualStudio-Projects\BDSA2013\Assignment36-ReversePolishCalculator\bin\Debug\Assignment36-ReversePolishCalculator.exe" />
    </Deployment>
    <Execution>
      <TestTypeSpecific />
      <AgentRule name="Execution Agents">
      </AgentRule>
    </Execution>
  </TestSettings>
  <Times creation="2014-09-05T14:57:27.0746909+02:00" queuing="2014-09-05T14:57:31.0349174+02:00" start="2014-09-05T14:57:31.2589302+02:00" finish="2014-09-05T15:01:06.1282200+02:00" />
  <ResultSummary outcome="Error">
    <Counters total="10" executed="6" passed="5" error="0" failed="0" timeout="0" aborted="1" inconclusive="0" passedButRunAborted="0" notRunnable="0" notExecuted="4" disconnected="0" warning="0" completed="0" inProgress="0" pending="0" />
    <RunInfos>
      <RunInfo computerName="VIDR95PV8H" outcome="Error" timestamp="2014-09-05T15:01:06.1082189+02:00">
        <Text>Test host process exited unexpectedly.</Text>
      </RunInfo>
    </RunInfos>
  </ResultSummary>
  <TestDefinitions>
    <UnitTest name="InfixTestPowBeforeX" storage="c:\users\sttho102\documents\stinus vikti\projekter\visualstudio-projects\bdsa2013\assignment36-reversepolishcalculator.tests\bin\debug\assignment36-reversepolishcalculator.tests.dll" id="a7808262-ae0c-8500-ceb3-883bc340dcf8">
      <Execution id="989cb93d-e0fa-4522-ac42-74227f5a7b04" />
      <TestMethod codeBase="C:/Users/sttho102/Documents/Stinus Vikti/Projekter/VisualStudio-Projects/BDSA2013/Assignment36-ReversePolishCalculator.Tests/bin/Debug/Assignment36-ReversePolishCalculator.Tests.DLL" adapterTypeName="Microsoft.VisualStudio.TestTools.TestTypes.Unit.UnitTestAdapter, Microsoft.VisualStudio.QualityTools.Tips.UnitTest.Adapter, Version=10.0.0.0, Culture=neutral, PublicKeyToken=b03f5f7f11d50a3a" className="Assignment36_ReversePolishCalculator.Tests.UnitTest1, Assignment36-ReversePolishCalculator.Tests, Version=1.0.0.0, Culture=neutral, PublicKeyToken=null" name="InfixTestPowBeforeX" />
    </UnitTest>
    <UnitTest name="TestAllOperaters" storage="c:\users\sttho102\documents\stinus vikti\projekter\visualstudio-projects\bdsa2013\assignment36-reversepolishcalculator.tests\bin\debug\assignment36-reversepolishcalculator.tests.dll" id="6816492e-f6d9-d09f-e8e1-8f7ece9c24e1">
      <Execution id="f52dc547-aec6-4f78-82d7-e8fabedf5a1b" />
      <TestMethod codeBase="C:/Users/sttho102/Documents/Stinus Vikti/Projekter/VisualStudio-Projects/BDSA2013/Assignment36-ReversePolishCalculator.Tests/bin/Debug/Assignment36-ReversePolishCalculator.Tests.DLL" adapterTypeName="Microsoft.VisualStudio.TestTools.TestTypes.Unit.UnitTestAdapter, Microsoft.VisualStudio.QualityTools.Tips.UnitTest.Adapter, Version=10.0.0.0, Culture=neutral, PublicKeyToken=b03f5f7f11d50a3a" className="Assignment36_ReversePolishCalculator.Tests.UnitTest1, Assignment36-ReversePolishCalculator.Tests, Version=1.0.0.0, Culture=neutral, PublicKeyToken=null" name="TestAllOperaters" />
    </UnitTest>
    <UnitTest name="TestComplexExpressions" storage="c:\users\sttho102\documents\stinus vikti\projekter\visualstudio-projects\bdsa2013\assignment36-reversepolishcalculator.tests\bin\debug\assignment36-reversepolishcalculator.tests.dll" id="b635c620-a2d1-e040-1736-0813a271094a">
      <Execution id="e89d76ef-2c94-4c19-9e2c-462cb936d95a" />
      <TestMethod codeBase="C:/Users/sttho102/Documents/Stinus Vikti/Projekter/VisualStudio-Projects/BDSA2013/Assignment36-ReversePolishCalculator.Tests/bin/Debug/Assignment36-ReversePolishCalculator.Tests.DLL" adapterTypeName="Microsoft.VisualStudio.TestTools.TestTypes.Unit.UnitTestAdapter, Microsoft.VisualStudio.QualityTools.Tips.UnitTest.Adapter, Version=10.0.0.0, Culture=neutral, PublicKeyToken=b03f5f7f11d50a3a" className="Assignment36_ReversePolishCalculator.Tests.UnitTest1, Assignment36-ReversePolishCalculator.Tests, Version=1.0.0.0, Culture=neutral, PublicKeyToken=null" name="TestComplexExpressions" />
    </UnitTest>
    <UnitTest name="InfixTestShouldGive14" storage="c:\users\sttho102\documents\stinus vikti\projekter\visualstudio-projects\bdsa2013\assignment36-reversepolishcalculator.tests\bin\debug\assignment36-reversepolishcalculator.tests.dll" id="ed58d528-690f-81c0-e15e-2862b47d7541">
      <Execution id="07384b11-b51a-4ca8-a613-48e60d0e5f4f" />
      <TestMethod codeBase="C:/Users/sttho102/Documents/Stinus Vikti/Projekter/VisualStudio-Projects/BDSA2013/Assignment36-ReversePolishCalculator.Tests/bin/Debug/Assignment36-ReversePolishCalculator.Tests.DLL" adapterTypeName="Microsoft.VisualStudio.TestTools.TestTypes.Unit.UnitTestAdapter, Microsoft.VisualStudio.QualityTools.Tips.UnitTest.Adapter, Version=10.0.0.0, Culture=neutral, PublicKeyToken=b03f5f7f11d50a3a" className="Assignment36_ReversePolishCalculator.Tests.UnitTest1, Assignment36-ReversePolishCalculator.Tests, Version=1.0.0.0, Culture=neutral, PublicKeyToken=null" name="InfixTestShouldGive14" />
    </UnitTest>
    <UnitTest name="InfixTestNothingAndNull" storage="c:\users\sttho102\documents\stinus vikti\projekter\visualstudio-projects\bdsa2013\assignment36-reversepolishcalculator.tests\bin\debug\assignment36-reversepolishcalculator.tests.dll" id="d6db8c19-ab7e-ffde-44b8-2f34d1e5a36a">
      <Execution id="49ca1712-7f1e-4c89-a25d-3cbbad7cfa71" />
      <TestMethod codeBase="C:/Users/sttho102/Documents/Stinus Vikti/Projekter/VisualStudio-Projects/BDSA2013/Assignment36-ReversePolishCalculator.Tests/bin/Debug/Assignment36-ReversePolishCalculator.Tests.DLL" adapterTypeName="Microsoft.VisualStudio.TestTools.TestTypes.Unit.UnitTestAdapter, Microsoft.VisualStudio.QualityTools.Tips.UnitTest.Adapter, Version=10.0.0.0, Culture=neutral, PublicKeyToken=b03f5f7f11d50a3a" className="Assignment36_ReversePolishCalculator.Tests.UnitTest1, Assignment36-ReversePolishCalculator.Tests, Version=1.0.0.0, Culture=neutral, PublicKeyToken=null" name="InfixTestNothingAndNull" />
    </UnitTest>
    <UnitTest name="InfixTestXBeforePlus" storage="c:\users\sttho102\documents\stinus vikti\projekter\visualstudio-projects\bdsa2013\assignment36-reversepolishcalculator.tests\bin\debug\assignment36-reversepolishcalculator.tests.dll" id="8cd04349-3219-f9b3-8e49-09e993029a1e">
      <Execution id="09432e34-766d-4a98-be4b-50eb3d2c2f31" />
      <TestMethod codeBase="C:/Users/sttho102/Documents/Stinus Vikti/Projekter/VisualStudio-Projects/BDSA2013/Assignment36-ReversePolishCalculator.Tests/bin/Debug/Assignment36-ReversePolishCalculator.Tests.DLL" adapterTypeName="Microsoft.VisualStudio.TestTools.TestTypes.Unit.UnitTestAdapter, Microsoft.VisualStudio.QualityTools.Tips.UnitTest.Adapter, Version=10.0.0.0, Culture=neutral, PublicKeyToken=b03f5f7f11d50a3a" className="Assignment36_ReversePolishCalculator.Tests.UnitTest1, Assignment36-ReversePolishCalculator.Tests, Version=1.0.0.0, Culture=neutral, PublicKeyToken=null" name="InfixTestXBeforePlus" />
    </UnitTest>
    <UnitTest name="TestShouldGive14" storage="c:\users\sttho102\documents\stinus vikti\projekter\visualstudio-projects\bdsa2013\assignment36-reversepolishcalculator.tests\bin\debug\assignment36-reversepolishcalculator.tests.dll" id="49e695f6-490e-902c-6b27-fab8aeb2b9ff">
      <Execution id="9cbc1097-3cc4-4ed6-b5fb-1de3b6092c35" />
      <TestMethod codeBase="C:/Users/sttho102/Documents/Stinus Vikti/Projekter/VisualStudio-Projects/BDSA2013/Assignment36-ReversePolishCalculator.Tests/bin/Debug/Assignment36-ReversePolishCalculator.Tests.DLL" adapterTypeName="Microsoft.VisualStudio.TestTools.TestTypes.Unit.UnitTestAdapter, Microsoft.VisualStudio.QualityTools.Tips.UnitTest.Adapter, Version=10.0.0.0, Culture=neutral, PublicKeyToken=b03f5f7f11d50a3a" className="Assignment36_ReversePolishCalculator.Tests.UnitTest1, Assignment36-ReversePolishCalculator.Tests, Version=1.0.0.0, Culture=neutral, PublicKeyToken=null" name="TestShouldGive14" />
    </UnitTest>
    <UnitTest name="InfixTestComplexExpressions" storage="c:\users\sttho102\documents\stinus vikti\projekter\visualstudio-projects\bdsa2013\assignment36-reversepolishcalculator.tests\bin\debug\assignment36-reversepolishcalculator.tests.dll" id="28d73f5d-2d82-b391-2c82-c341a39bf487">
      <Execution id="619db8c0-c52a-4842-8727-10ff27d21c0a" />
      <TestMethod codeBase="C:/Users/sttho102/Documents/Stinus Vikti/Projekter/VisualStudio-Projects/BDSA2013/Assignment36-ReversePolishCalculator.Tests/bin/Debug/Assignment36-ReversePolishCalculator.Tests.DLL" adapterTypeName="Microsoft.VisualStudio.TestTools.TestTypes.Unit.UnitTestAdapter, Microsoft.VisualStudio.QualityTools.Tips.UnitTest.Adapter, Version=10.0.0.0, Culture=neutral, PublicKeyToken=b03f5f7f11d50a3a" className="Assignment36_ReversePolishCalculator.Tests.UnitTest1, Assignment36-ReversePolishCalculator.Tests, Version=1.0.0.0, Culture=neutral, PublicKeyToken=null" name="InfixTestComplexExpressions" />
    </UnitTest>
    <UnitTest name="InfixTestAllOperaters" storage="c:\users\sttho102\documents\stinus vikti\projekter\visualstudio-projects\bdsa2013\assignment36-reversepolishcalculator.tests\bin\debug\assignment36-reversepolishcalculator.tests.dll" id="4b751b85-919b-e8a3-8d21-28def13a1163">
      <Execution id="c46faf40-9f12-4256-b86e-7d51c7fa10cb" />
      <TestMethod codeBase="C:/Users/sttho102/Documents/Stinus Vikti/Projekter/VisualStudio-Projects/BDSA2013/Assignment36-ReversePolishCalculator.Tests/bin/Debug/Assignment36-ReversePolishCalculator.Tests.DLL" adapterTypeName="Microsoft.VisualStudio.TestTools.TestTypes.Unit.UnitTestAdapter, Microsoft.VisualStudio.QualityTools.Tips.UnitTest.Adapter, Version=10.0.0.0, Culture=neutral, PublicKeyToken=b03f5f7f11d50a3a" className="Assignment36_ReversePolishCalculator.Tests.UnitTest1, Assignment36-ReversePolishCalculator.Tests, Version=1.0.0.0, Culture=neutral, PublicKeyToken=null" name="InfixTestAllOperaters" />
    </UnitTest>
    <UnitTest name="TestNothingAndNull" storage="c:\users\sttho102\documents\stinus vikti\projekter\visualstudio-projects\bdsa2013\assignment36-reversepolishcalculator.tests\bin\debug\assignment36-reversepolishcalculator.tests.dll" id="60aa980d-9d7a-64e5-f753-8048cd2a8b2d">
      <Execution id="968b757b-e049-4afc-8aa1-7a644e39c7cf" />
      <TestMethod codeBase="C:/Users/sttho102/Documents/Stinus Vikti/Projekter/VisualStudio-Projects/BDSA2013/Assignment36-ReversePolishCalculator.Tests/bin/Debug/Assignment36-ReversePolishCalculator.Tests.DLL" adapterTypeName="Microsoft.VisualStudio.TestTools.TestTypes.Unit.UnitTestAdapter, Microsoft.VisualStudio.QualityTools.Tips.UnitTest.Adapter, Version=10.0.0.0, Culture=neutral, PublicKeyToken=b03f5f7f11d50a3a" className="Assignment36_ReversePolishCalculator.Tests.UnitTest1, Assignment36-ReversePolishCalculator.Tests, Version=1.0.0.0, Culture=neutral, PublicKeyToken=null" name="TestNothingAndNull" />
    </UnitTest>
  </TestDefinitions>
  <TestLists>
    <TestList name="Results Not in a List" id="8c84fa94-04c1-424b-9868-57a2d4851a1d" />
    <TestList name="All Loaded Results" id="19431567-8539-422a-85d7-44ee4e166bda" />
  </TestLists>
  <TestEntries>
    <TestEntry testId="60aa980d-9d7a-64e5-f753-8048cd2a8b2d" executionId="968b757b-e049-4afc-8aa1-7a644e39c7cf" testListId="8c84fa94-04c1-424b-9868-57a2d4851a1d" />
    <TestEntry testId="6816492e-f6d9-d09f-e8e1-8f7ece9c24e1" executionId="f52dc547-aec6-4f78-82d7-e8fabedf5a1b" testListId="8c84fa94-04c1-424b-9868-57a2d4851a1d" />
    <TestEntry testId="b635c620-a2d1-e040-1736-0813a271094a" executionId="e89d76ef-2c94-4c19-9e2c-462cb936d95a" testListId="8c84fa94-04c1-424b-9868-57a2d4851a1d" />
    <TestEntry testId="49e695f6-490e-902c-6b27-fab8aeb2b9ff" executionId="9cbc1097-3cc4-4ed6-b5fb-1de3b6092c35" testListId="8c84fa94-04c1-424b-9868-57a2d4851a1d" />
    <TestEntry testId="d6db8c19-ab7e-ffde-44b8-2f34d1e5a36a" executionId="49ca1712-7f1e-4c89-a25d-3cbbad7cfa71" testListId="8c84fa94-04c1-424b-9868-57a2d4851a1d" />
    <TestEntry testId="4b751b85-919b-e8a3-8d21-28def13a1163" executionId="c46faf40-9f12-4256-b86e-7d51c7fa10cb" testListId="8c84fa94-04c1-424b-9868-57a2d4851a1d" />
    <TestEntry testId="28d73f5d-2d82-b391-2c82-c341a39bf487" executionId="619db8c0-c52a-4842-8727-10ff27d21c0a" testListId="8c84fa94-04c1-424b-9868-57a2d4851a1d" />
    <TestEntry testId="ed58d528-690f-81c0-e15e-2862b47d7541" executionId="07384b11-b51a-4ca8-a613-48e60d0e5f4f" testListId="8c84fa94-04c1-424b-9868-57a2d4851a1d" />
    <TestEntry testId="8cd04349-3219-f9b3-8e49-09e993029a1e" executionId="09432e34-766d-4a98-be4b-50eb3d2c2f31" testListId="8c84fa94-04c1-424b-9868-57a2d4851a1d" />
    <TestEntry testId="a7808262-ae0c-8500-ceb3-883bc340dcf8" executionId="989cb93d-e0fa-4522-ac42-74227f5a7b04" testListId="8c84fa94-04c1-424b-9868-57a2d4851a1d" />
  </TestEntries>
  <Results>
    <UnitTestResult executionId="968b757b-e049-4afc-8aa1-7a644e39c7cf" testId="60aa980d-9d7a-64e5-f753-8048cd2a8b2d" testName="TestNothingAndNull" computerName="VIDR95PV8H" duration="00:00:00.0505268" startTime="2014-09-05T14:57:31.4349403+02:00" endTime="2014-09-05T14:57:34.9721426+02:00" testType="13cdc9d9-ddb5-4fa4-a97d-d965ccfc6d4b" outcome="Passed" testListId="8c84fa94-04c1-424b-9868-57a2d4851a1d" relativeResultsDirectory="968b757b-e049-4afc-8aa1-7a644e39c7cf">
    </UnitTestResult>
    <UnitTestResult executionId="f52dc547-aec6-4f78-82d7-e8fabedf5a1b" testId="6816492e-f6d9-d09f-e8e1-8f7ece9c24e1" testName="TestAllOperaters" computerName="VIDR95PV8H" duration="00:00:00.0049264" startTime="2014-09-05T14:57:35.0031444+02:00" endTime="2014-09-05T14:57:35.0221454+02:00" testType="13cdc9d9-ddb5-4fa4-a97d-d965ccfc6d4b" outcome="Passed" testListId="8c84fa94-04c1-424b-9868-57a2d4851a1d" relativeResultsDirectory="f52dc547-aec6-4f78-82d7-e8fabedf5a1b">
    </UnitTestResult>
    <UnitTestResult executionId="e89d76ef-2c94-4c19-9e2c-462cb936d95a" testId="b635c620-a2d1-e040-1736-0813a271094a" testName="TestComplexExpressions" computerName="VIDR95PV8H" duration="00:00:00.0007068" startTime="2014-09-05T14:57:35.0381464+02:00" endTime="2014-09-05T14:57:35.0531472+02:00" testType="13cdc9d9-ddb5-4fa4-a97d-d965ccfc6d4b" outcome="Passed" testListId="8c84fa94-04c1-424b-9868-57a2d4851a1d" relativeResultsDirectory="e89d76ef-2c94-4c19-9e2c-462cb936d95a">
    </UnitTestResult>
    <UnitTestResult executionId="9cbc1097-3cc4-4ed6-b5fb-1de3b6092c35" testId="49e695f6-490e-902c-6b27-fab8aeb2b9ff" testName="TestShouldGive14" computerName="VIDR95PV8H" duration="00:00:00.0007501" startTime="2014-09-05T14:57:35.0771486+02:00" endTime="2014-09-05T14:57:35.0981498+02:00" testType="13cdc9d9-ddb5-4fa4-a97d-d965ccfc6d4b" outcome="Passed" testListId="8c84fa94-04c1-424b-9868-57a2d4851a1d" relativeResultsDirectory="9cbc1097-3cc4-4ed6-b5fb-1de3b6092c35">
    </UnitTestResult>
    <UnitTestResult executionId="49ca1712-7f1e-4c89-a25d-3cbbad7cfa71" testId="d6db8c19-ab7e-ffde-44b8-2f34d1e5a36a" testName="InfixTestNothingAndNull" computerName="VIDR95PV8H" duration="00:00:00.0008584" startTime="2014-09-05T14:57:35.1151508+02:00" endTime="2014-09-05T14:57:35.1261514+02:00" testType="13cdc9d9-ddb5-4fa4-a97d-d965ccfc6d4b" outcome="Passed" testListId="8c84fa94-04c1-424b-9868-57a2d4851a1d" relativeResultsDirectory="49ca1712-7f1e-4c89-a25d-3cbbad7cfa71">
    </UnitTestResult>
    <UnitTestResult executionId="c46faf40-9f12-4256-b86e-7d51c7fa10cb" testId="4b751b85-919b-e8a3-8d21-28def13a1163" testName="InfixTestAllOperaters" computerName="VIDR95PV8H" duration="00:03:30.9870678" startTime="2014-09-05T14:57:35.1401522+02:00" endTime="2014-09-05T15:01:06.1272200+02:00" testType="13cdc9d9-ddb5-4fa4-a97d-d965ccfc6d4b" outcome="Aborted" testListId="8c84fa94-04c1-424b-9868-57a2d4851a1d" relativeResultsDirectory="c46faf40-9f12-4256-b86e-7d51c7fa10cb">
    </UnitTestResult>
    <UnitTestResult executionId="619db8c0-c52a-4842-8727-10ff27d21c0a" testId="28d73f5d-2d82-b391-2c82-c341a39bf487" testName="InfixTestComplexExpressions" computerName="VIDR95PV8H" testType="13cdc9d9-ddb5-4fa4-a97d-d965ccfc6d4b" outcome="NotExecuted" testListId="8c84fa94-04c1-424b-9868-57a2d4851a1d" relativeResultsDirectory="619db8c0-c52a-4842-8727-10ff27d21c0a">
    </UnitTestResult>
    <UnitTestResult executionId="07384b11-b51a-4ca8-a613-48e60d0e5f4f" testId="ed58d528-690f-81c0-e15e-2862b47d7541" testName="InfixTestShouldGive14" computerName="VIDR95PV8H" testType="13cdc9d9-ddb5-4fa4-a97d-d965ccfc6d4b" outcome="NotExecuted" testListId="8c84fa94-04c1-424b-9868-57a2d4851a1d" relativeResultsDirectory="07384b11-b51a-4ca8-a613-48e60d0e5f4f">
    </UnitTestResult>
    <UnitTestResult executionId="09432e34-766d-4a98-be4b-50eb3d2c2f31" testId="8cd04349-3219-f9b3-8e49-09e993029a1e" testName="InfixTestXBeforePlus" computerName="VIDR95PV8H" testType="13cdc9d9-ddb5-4fa4-a97d-d965ccfc6d4b" outcome="NotExecuted" testListId="8c84fa94-04c1-424b-9868-57a2d4851a1d" relativeResultsDirectory="09432e34-766d-4a98-be4b-50eb3d2c2f31">
    </UnitTestResult>
    <UnitTestResult executionId="989cb93d-e0fa-4522-ac42-74227f5a7b04" testId="a7808262-ae0c-8500-ceb3-883bc340dcf8" testName="InfixTestPowBeforeX" computerName="VIDR95PV8H" testType="13cdc9d9-ddb5-4fa4-a97d-d965ccfc6d4b" outcome="NotExecuted" testListId="8c84fa94-04c1-424b-9868-57a2d4851a1d" relativeResultsDirectory="989cb93d-e0fa-4522-ac42-74227f5a7b04">
    </UnitTestResult>
  </Results>
</TestRun>